<<<<<<< HEAD
﻿C:\Program Files\Microsoft Visual Studio\2022\Community\MSBuild\Microsoft\VC\v170\Microsoft.CppBuild.targets(531,5): warning MSB8028: 중간 디렉터리(x64\Debug\)에 다른 프로젝트(Re제로부터 시작하는 노숙자 생활.vcxproj)에서 공유하는 파일이 포함되어 있습니다.  이로 인해 잘못된 정리 및 다시 빌드 동작이 수행될 수 있습니다.
  game.c
D:\GAMEDATA\Re제로부터 시작하는 노숙자 생활\Re제로부터 시작하는 노숙자 생활\game.c(6,1): error C2059: 구문 오류: '<<'
D:\GAMEDATA\Re제로부터 시작하는 노숙자 생활\Re제로부터 시작하는 노숙자 생활\game.c(18,1): error C2059: 구문 오류: '<<'
D:\GAMEDATA\Re제로부터 시작하는 노숙자 생활\Re제로부터 시작하는 노숙자 생활\game.c(20,1): error C2059: 구문 오류: '=='
D:\GAMEDATA\Re제로부터 시작하는 노숙자 생활\Re제로부터 시작하는 노숙자 생활\game.c(25,5): error C2374: 'Isgame': 재정의. 여러 번 초기화했습니다.
  D:\GAMEDATA\Re제로부터 시작하는 노숙자 생활\Re제로부터 시작하는 노숙자 생활\game.c(11,5):
  'Isgame' 선언을 참조하십시오.
  
D:\GAMEDATA\Re제로부터 시작하는 노숙자 생활\Re제로부터 시작하는 노숙자 생활\game.c(26,5): error C2374: 'isTry': 재정의. 여러 번 초기화했습니다.
  D:\GAMEDATA\Re제로부터 시작하는 노숙자 생활\Re제로부터 시작하는 노숙자 생활\game.c(12,5):
  'isTry' 선언을 참조하십시오.
  
D:\GAMEDATA\Re제로부터 시작하는 노숙자 생활\Re제로부터 시작하는 노숙자 생활\game.c(27,5): error C2374: 'level': 재정의. 여러 번 초기화했습니다.
  D:\GAMEDATA\Re제로부터 시작하는 노숙자 생활\Re제로부터 시작하는 노숙자 생활\game.c(13,5):
  'level' 선언을 참조하십시오.
  
D:\GAMEDATA\Re제로부터 시작하는 노숙자 생활\Re제로부터 시작하는 노숙자 생활\game.c(28,5): error C2374: 'randNum': 재정의. 여러 번 초기화했습니다.
  D:\GAMEDATA\Re제로부터 시작하는 노숙자 생활\Re제로부터 시작하는 노숙자 생활\game.c(14,5):
  'randNum' 선언을 참조하십시오.
  
D:\GAMEDATA\Re제로부터 시작하는 노숙자 생활\Re제로부터 시작하는 노숙자 생활\game.c(29,5): error C2374: 'Num': 재정의. 여러 번 초기화했습니다.
  D:\GAMEDATA\Re제로부터 시작하는 노숙자 생활\Re제로부터 시작하는 노숙자 생활\game.c(15,5):
  'Num' 선언을 참조하십시오.
  
D:\GAMEDATA\Re제로부터 시작하는 노숙자 생활\Re제로부터 시작하는 노숙자 생활\game.c(30,5): error C2374: 'furnitureNum': 재정의. 여러 번 초기화했습니다.
  D:\GAMEDATA\Re제로부터 시작하는 노숙자 생활\Re제로부터 시작하는 노숙자 생활\game.c(16,5):
  'furnitureNum' 선언을 참조하십시오.
  
D:\GAMEDATA\Re제로부터 시작하는 노숙자 생활\Re제로부터 시작하는 노숙자 생활\game.c(31,5): error C2374: 'furnitureBuy': 재정의. 여러 번 초기화했습니다.
  D:\GAMEDATA\Re제로부터 시작하는 노숙자 생활\Re제로부터 시작하는 노숙자 생활\game.c(17,5):
  'furnitureBuy' 선언을 참조하십시오.
  
D:\GAMEDATA\Re제로부터 시작하는 노숙자 생활\Re제로부터 시작하는 노숙자 생활\game.c(34,1): error C2059: 구문 오류: '>>'
D:\GAMEDATA\Re제로부터 시작하는 노숙자 생활\Re제로부터 시작하는 노숙자 생활\game.c(39,1): error C2059: 구문 오류: '<<'
D:\GAMEDATA\Re제로부터 시작하는 노숙자 생활\Re제로부터 시작하는 노숙자 생활\game.c(46,1): error C2059: 구문 오류: '=='
D:\GAMEDATA\Re제로부터 시작하는 노숙자 생활\Re제로부터 시작하는 노숙자 생활\game.c(49,5): error C2374: 'sell': 재정의. 여러 번 초기화했습니다.
  D:\GAMEDATA\Re제로부터 시작하는 노숙자 생활\Re제로부터 시작하는 노숙자 생활\game.c(36,5):
  'sell' 선언을 참조하십시오.
  
D:\GAMEDATA\Re제로부터 시작하는 노숙자 생활\Re제로부터 시작하는 노숙자 생활\game.c(50,5): error C2374: 'wallet': 재정의. 여러 번 초기화했습니다.
  D:\GAMEDATA\Re제로부터 시작하는 노숙자 생활\Re제로부터 시작하는 노숙자 생활\game.c(37,5):
  'wallet' 선언을 참조하십시오.
  
D:\GAMEDATA\Re제로부터 시작하는 노숙자 생활\Re제로부터 시작하는 노숙자 생활\game.c(51,7): error C2374: 'house': 재정의. 여러 번 초기화했습니다.
  D:\GAMEDATA\Re제로부터 시작하는 노숙자 생활\Re제로부터 시작하는 노숙자 생활\game.c(38,7):
  'house' 선언을 참조하십시오.
  
D:\GAMEDATA\Re제로부터 시작하는 노숙자 생활\Re제로부터 시작하는 노숙자 생활\game.c(52,6): error C2374: 'tnf': 재정의. 여러 번 초기화했습니다.
  D:\GAMEDATA\Re제로부터 시작하는 노숙자 생활\Re제로부터 시작하는 노숙자 생활\game.c(41,6):
  'tnf' 선언을 참조하십시오.
  
D:\GAMEDATA\Re제로부터 시작하는 노숙자 생활\Re제로부터 시작하는 노숙자 생활\game.c(86,1): error C2059: 구문 오류: '>>'
D:\GAMEDATA\Re제로부터 시작하는 노숙자 생활\Re제로부터 시작하는 노숙자 생활\game.c(86,9): error C2059: 구문 오류: '숫자의 접미사가 잘못되었습니다.'
D:\GAMEDATA\Re제로부터 시작하는 노숙자 생활\Re제로부터 시작하는 노숙자 생활\game.c(100,9): error C2059: 구문 오류: '숫자의 접미사가 잘못되었습니다.'
D:\GAMEDATA\Re제로부터 시작하는 노숙자 생활\Re제로부터 시작하는 노숙자 생활\game.c(469,1): error C2059: 구문 오류: '<<'
D:\GAMEDATA\Re제로부터 시작하는 노숙자 생활\Re제로부터 시작하는 노숙자 생활\game.c(536,9): error C2059: 구문 오류: '숫자의 접미사가 잘못되었습니다.'
D:\GAMEDATA\Re제로부터 시작하는 노숙자 생활\Re제로부터 시작하는 노숙자 생활\game.c(589,1): error C2143: 구문 오류: ';'이(가) '<<' 앞에 없습니다.
D:\GAMEDATA\Re제로부터 시작하는 노숙자 생활\Re제로부터 시작하는 노숙자 생활\game.c(592,9): error C2059: 구문 오류: '숫자의 접미사가 잘못되었습니다.'
D:\GAMEDATA\Re제로부터 시작하는 노숙자 생활\Re제로부터 시작하는 노숙자 생활\game.c(601,13): error C2043: break가 잘못되었습니다.
D:\GAMEDATA\Re제로부터 시작하는 노숙자 생활\Re제로부터 시작하는 노숙자 생활\game.c(602,9): error C2046: 대/소문자가 잘못되었습니다.
D:\GAMEDATA\Re제로부터 시작하는 노숙자 생활\Re제로부터 시작하는 노숙자 생활\game.c(606,13): error C2043: break가 잘못되었습니다.
D:\GAMEDATA\Re제로부터 시작하는 노숙자 생활\Re제로부터 시작하는 노숙자 생활\game.c(607,9): error C2046: 대/소문자가 잘못되었습니다.
D:\GAMEDATA\Re제로부터 시작하는 노숙자 생활\Re제로부터 시작하는 노숙자 생활\game.c(611,13): error C2043: break가 잘못되었습니다.
D:\GAMEDATA\Re제로부터 시작하는 노숙자 생활\Re제로부터 시작하는 노숙자 생활\game.c(612,9): error C2046: 대/소문자가 잘못되었습니다.
D:\GAMEDATA\Re제로부터 시작하는 노숙자 생활\Re제로부터 시작하는 노숙자 생활\game.c(616,13): error C2043: break가 잘못되었습니다.
D:\GAMEDATA\Re제로부터 시작하는 노숙자 생활\Re제로부터 시작하는 노숙자 생활\game.c(617,9): error C2046: 대/소문자가 잘못되었습니다.
D:\GAMEDATA\Re제로부터 시작하는 노숙자 생활\Re제로부터 시작하는 노숙자 생활\game.c(618,13): error C2043: break가 잘못되었습니다.
D:\GAMEDATA\Re제로부터 시작하는 노숙자 생활\Re제로부터 시작하는 노숙자 생활\game.c(619,9): error C2047: 기본값이 잘못되었습니다.
D:\GAMEDATA\Re제로부터 시작하는 노숙자 생활\Re제로부터 시작하는 노숙자 생활\game.c(621,13): error C2043: break가 잘못되었습니다.
D:\GAMEDATA\Re제로부터 시작하는 노숙자 생활\Re제로부터 시작하는 노숙자 생활\game.c(623,5): error C2059: 구문 오류: 'return'
D:\GAMEDATA\Re제로부터 시작하는 노숙자 생활\Re제로부터 시작하는 노숙자 생활\game.c(624,1): error C2059: 구문 오류: '}'
D:\GAMEDATA\Re제로부터 시작하는 노숙자 생활\Re제로부터 시작하는 노숙자 생활\game.c(688,5): error C2084: 'int maingame()' 함수에 이미 본문이 있습니다.
  D:\GAMEDATA\Re제로부터 시작하는 노숙자 생활\Re제로부터 시작하는 노숙자 생활\game.c(587,5):
  'maingame'의 이전 정의를 참조하십시오.
  
D:\GAMEDATA\Re제로부터 시작하는 노숙자 생활\Re제로부터 시작하는 노숙자 생활\game.c(690,1): error C2143: 구문 오류: ';'이(가) '>>' 앞에 없습니다.
D:\GAMEDATA\Re제로부터 시작하는 노숙자 생활\Re제로부터 시작하는 노숙자 생활\game.c(697,1): error C2143: 구문 오류: ';'이(가) '<<' 앞에 없습니다.
D:\GAMEDATA\Re제로부터 시작하는 노숙자 생활\Re제로부터 시작하는 노숙자 생활\game.c(701,1): error C2143: 구문 오류: ';'이(가) '==' 앞에 없습니다.
D:\GAMEDATA\Re제로부터 시작하는 노숙자 생활\Re제로부터 시작하는 노숙자 생활\game.c(705,1): error C2143: 구문 오류: ';'이(가) '>>' 앞에 없습니다.
D:\GAMEDATA\Re제로부터 시작하는 노숙자 생활\Re제로부터 시작하는 노숙자 생활\game.c(714,1): error C2143: 구문 오류: ';'이(가) '<<' 앞에 없습니다.
D:\GAMEDATA\Re제로부터 시작하는 노숙자 생활\Re제로부터 시작하는 노숙자 생활\game.c(718,1): error C2143: 구문 오류: ';'이(가) '==' 앞에 없습니다.
D:\GAMEDATA\Re제로부터 시작하는 노숙자 생활\Re제로부터 시작하는 노숙자 생활\game.c(722,1): error C2143: 구문 오류: ';'이(가) '>>' 앞에 없습니다.
D:\GAMEDATA\Re제로부터 시작하는 노숙자 생활\Re제로부터 시작하는 노숙자 생활\game.c(722,9): error C2059: 구문 오류: '숫자의 접미사가 잘못되었습니다.'
D:\GAMEDATA\Re제로부터 시작하는 노숙자 생활\Re제로부터 시작하는 노숙자 생활\game.c(726,1): error C2143: 구문 오류: ';'이(가) '>>' 앞에 없습니다.
D:\GAMEDATA\Re제로부터 시작하는 노숙자 생활\Re제로부터 시작하는 노숙자 생활\game.c(742,13): error C2181: if와 짝을 이루지 않는 잘못된 else문입니다.
D:\GAMEDATA\Re제로부터 시작하는 노숙자 생활\Re제로부터 시작하는 노숙자 생활\game.c(744,1): error C2143: 구문 오류: ';'이(가) '<<' 앞에 없습니다.
D:\GAMEDATA\Re제로부터 시작하는 노숙자 생활\Re제로부터 시작하는 노숙자 생활\game.c(750,1): error C2143: 구문 오류: ';'이(가) '>>' 앞에 없습니다.
D:\GAMEDATA\Re제로부터 시작하는 노숙자 생활\Re제로부터 시작하는 노숙자 생활\game.c(750,9): error C2059: 구문 오류: '숫자의 접미사가 잘못되었습니다.'
D:\GAMEDATA\Re제로부터 시작하는 노숙자 생활\Re제로부터 시작하는 노숙자 생활\game.c(758,1): error C2143: 구문 오류: ';'이(가) '<<' 앞에 없습니다.
D:\GAMEDATA\Re제로부터 시작하는 노숙자 생활\Re제로부터 시작하는 노숙자 생활\game.c(759,35): error C2065: 'i': 선언되지 않은 식별자입니다.
D:\GAMEDATA\Re제로부터 시작하는 노숙자 생활\Re제로부터 시작하는 노숙자 생활\game.c(759,35): warning C4552: '<': 식의 결과가 사용되지 않습니다.
D:\GAMEDATA\Re제로부터 시작하는 노숙자 생활\Re제로부터 시작하는 노숙자 생활\game.c(759,55): error C2065: 'i': 선언되지 않은 식별자입니다.
D:\GAMEDATA\Re제로부터 시작하는 노숙자 생활\Re제로부터 시작하는 노숙자 생활\game.c(759,55): error C2143: 구문 오류: ';'이(가) ')' 앞에 없습니다.
D:\GAMEDATA\Re제로부터 시작하는 노숙자 생활\Re제로부터 시작하는 노숙자 생활\game.c(763,13): error C2059: 구문 오류: 'break'
D:\GAMEDATA\Re제로부터 시작하는 노숙자 생활\Re제로부터 시작하는 노숙자 생활\game.c(764,1): error C2059: 구문 오류: '<<'
D:\GAMEDATA\Re제로부터 시작하는 노숙자 생활\Re제로부터 시작하는 노숙자 생활\game.c(769,13): error C2374: 'Isgame': 재정의. 여러 번 초기화했습니다.
  D:\GAMEDATA\Re제로부터 시작하는 노숙자 생활\Re제로부터 시작하는 노숙자 생활\game.c(11,5):
  'Isgame' 선언을 참조하십시오.
  
D:\GAMEDATA\Re제로부터 시작하는 노숙자 생활\Re제로부터 시작하는 노숙자 생활\game.c(770,13): error C2059: 구문 오류: 'return'
D:\GAMEDATA\Re제로부터 시작하는 노숙자 생활\Re제로부터 시작하는 노숙자 생활\game.c(771,13): error C2059: 구문 오류: 'break'
D:\GAMEDATA\Re제로부터 시작하는 노숙자 생활\Re제로부터 시작하는 노숙자 생활\game.c(773,9): error C2059: 구문 오류: 'case'
D:\GAMEDATA\Re제로부터 시작하는 노숙자 생활\Re제로부터 시작하는 노숙자 생활\game.c(779,13): error C2059: 구문 오류: 'case'
D:\GAMEDATA\Re제로부터 시작하는 노숙자 생활\Re제로부터 시작하는 노숙자 생활\game.c(782,24): error C2143: 구문 오류: ')'이(가) '문자열' 앞에 없습니다.
D:\GAMEDATA\Re제로부터 시작하는 노숙자 생활\Re제로부터 시작하는 노숙자 생활\game.c(782,24): error C2143: 구문 오류: '{'이(가) '문자열' 앞에 없습니다.
D:\GAMEDATA\Re제로부터 시작하는 노숙자 생활\Re제로부터 시작하는 노숙자 생활\game.c(782,24): error C2059: 구문 오류: '문자열'
D:\GAMEDATA\Re제로부터 시작하는 노숙자 생활\Re제로부터 시작하는 노숙자 생활\game.c(782,50): error C2059: 구문 오류: ')'
D:\GAMEDATA\Re제로부터 시작하는 노숙자 생활\Re제로부터 시작하는 노숙자 생활\game.c(783,17): error C2374: 'Isgame': 재정의. 여러 번 초기화했습니다.
  D:\GAMEDATA\Re제로부터 시작하는 노숙자 생활\Re제로부터 시작하는 노숙자 생활\game.c(11,5):
  'Isgame' 선언을 참조하십시오.
  
D:\GAMEDATA\Re제로부터 시작하는 노숙자 생활\Re제로부터 시작하는 노숙자 생활\game.c(784,17): error C2059: 구문 오류: 'return'
D:\GAMEDATA\Re제로부터 시작하는 노숙자 생활\Re제로부터 시작하는 노숙자 생활\game.c(785,17): error C2059: 구문 오류: 'break'
D:\GAMEDATA\Re제로부터 시작하는 노숙자 생활\Re제로부터 시작하는 노숙자 생활\game.c(787,13): error C2059: 구문 오류: 'case'
D:\GAMEDATA\Re제로부터 시작하는 노숙자 생활\Re제로부터 시작하는 노숙자 생활\game.c(789,17): error C2371: 'sellHome': 재정의. 기본 형식이 다릅니다.
  D:\GAMEDATA\Re제로부터 시작하는 노숙자 생활\Re제로부터 시작하는 노숙자 생활\game.c(53,6):
  'sellHome' 선언을 참조하십시오.
  
D:\GAMEDATA\Re제로부터 시작하는 노숙자 생활\Re제로부터 시작하는 노숙자 생활\game.c(790,17): error C2374: 'nowlevel': 재정의. 여러 번 초기화했습니다.
  D:\GAMEDATA\Re제로부터 시작하는 노숙자 생활\Re제로부터 시작하는 노숙자 생활\game.c(54,5):
  'nowlevel' 선언을 참조하십시오.
  
D:\GAMEDATA\Re제로부터 시작하는 노숙자 생활\Re제로부터 시작하는 노숙자 생활\game.c(791,17): error C2374: 'futurelevel': 재정의. 여러 번 초기화했습니다.
  D:\GAMEDATA\Re제로부터 시작하는 노숙자 생활\Re제로부터 시작하는 노숙자 생활\game.c(55,5):
  'futurelevel' 선언을 참조하십시오.
  
D:\GAMEDATA\Re제로부터 시작하는 노숙자 생활\Re제로부터 시작하는 노숙자 생활\game.c(792,17): error C2371: 'tnf': 재정의. 기본 형식이 다릅니다.
  D:\GAMEDATA\Re제로부터 시작하는 노숙자 생활\Re제로부터 시작하는 노숙자 생활\game.c(41,6):
  'tnf' 선언을 참조하십시오.
  
D:\GAMEDATA\Re제로부터 시작하는 노숙자 생활\Re제로부터 시작하는 노숙자 생활\game.c(793,1): error C2059: 구문 오류: '>>'
D:\GAMEDATA\Re제로부터 시작하는 노숙자 생활\Re제로부터 시작하는 노숙자 생활\game.c(793,9): error C2059: 구문 오류: '숫자의 접미사가 잘못되었습니다.'
D:\GAMEDATA\Re제로부터 시작하는 노숙자 생활\Re제로부터 시작하는 노숙자 생활\game.c(795,24): error C2143: 구문 오류: ')'이(가) '문자열' 앞에 없습니다.
D:\GAMEDATA\Re제로부터 시작하는 노숙자 생활\Re제로부터 시작하는 노숙자 생활\game.c(795,24): error C2143: 구문 오류: '{'이(가) '문자열' 앞에 없습니다.
D:\GAMEDATA\Re제로부터 시작하는 노숙자 생활\Re제로부터 시작하는 노숙자 생활\game.c(795,24): error C2059: 구문 오류: '문자열'
D:\GAMEDATA\Re제로부터 시작하는 노숙자 생활\Re제로부터 시작하는 노숙자 생활\game.c(795,55): error C2059: 구문 오류: ')'
D:\GAMEDATA\Re제로부터 시작하는 노숙자 생활\Re제로부터 시작하는 노숙자 생활\game.c(796,24): error C2143: 구문 오류: ')'이(가) '문자열' 앞에 없습니다.
D:\GAMEDATA\Re제로부터 시작하는 노숙자 생활\Re제로부터 시작하는 노숙자 생활\game.c(796,24): error C2143: 구문 오류: '{'이(가) '문자열' 앞에 없습니다.
D:\GAMEDATA\Re제로부터 시작하는 노숙자 생활\Re제로부터 시작하는 노숙자 생활\game.c(796,24): error C2059: 구문 오류: '문자열'
D:\GAMEDATA\Re제로부터 시작하는 노숙자 생활\Re제로부터 시작하는 노숙자 생활\game.c(796,78): error C2059: 구문 오류: ')'
D:\GAMEDATA\Re제로부터 시작하는 노숙자 생활\Re제로부터 시작하는 노숙자 생활\game.c(797,17): error C2374: 'level': 재정의. 여러 번 초기화했습니다.
  D:\GAMEDATA\Re제로부터 시작하는 노숙자 생활\Re제로부터 시작하는 노숙자 생활\game.c(13,5):
  'level' 선언을 참조하십시오.
  
D:\GAMEDATA\Re제로부터 시작하는 노숙자 생활\Re제로부터 시작하는 노숙자 생활\game.c(798,17): error C2059: 구문 오류: 'for'
D:\GAMEDATA\Re제로부터 시작하는 노숙자 생활\Re제로부터 시작하는 노숙자 생활\game.c(798,35): error C2143: 구문 오류: '{'이(가) '<' 앞에 없습니다.
D:\GAMEDATA\Re제로부터 시작하는 노숙자 생활\Re제로부터 시작하는 노숙자 생활\game.c(798,35): error C2059: 구문 오류: '<'
D:\GAMEDATA\Re제로부터 시작하는 노숙자 생활\Re제로부터 시작하는 노숙자 생활\game.c(798,52): error C2059: 구문 오류: '++'
D:\GAMEDATA\Re제로부터 시작하는 노숙자 생활\Re제로부터 시작하는 노숙자 생활\game.c(798,55): error C2059: 구문 오류: ')'
D:\GAMEDATA\Re제로부터 시작하는 노숙자 생활\Re제로부터 시작하는 노숙자 생활\game.c(801,17): error C2374: 'sell': 재정의. 여러 번 초기화했습니다.
  D:\GAMEDATA\Re제로부터 시작하는 노숙자 생활\Re제로부터 시작하는 노숙자 생활\game.c(36,5):
  'sell' 선언을 참조하십시오.
  
D:\GAMEDATA\Re제로부터 시작하는 노숙자 생활\Re제로부터 시작하는 노숙자 생활\game.c(802,17): error C2059: 구문 오류: 'break'
D:\GAMEDATA\Re제로부터 시작하는 노숙자 생활\Re제로부터 시작하는 노숙자 생활\game.c(804,13): error C2059: 구문 오류: 'case'
D:\GAMEDATA\Re제로부터 시작하는 노숙자 생활\Re제로부터 시작하는 노숙자 생활\game.c(807,17): error C2059: 구문 오류: 'break'
D:\GAMEDATA\Re제로부터 시작하는 노숙자 생활\Re제로부터 시작하는 노숙자 생활\game.c(808,9): error C2059: 구문 오류: '}'
D:\GAMEDATA\Re제로부터 시작하는 노숙자 생활\Re제로부터 시작하는 노숙자 생활\game.c(810,1): error C2059: 구문 오류: '}'
D:\GAMEDATA\Re제로부터 시작하는 노숙자 생활\Re제로부터 시작하는 노숙자 생활\game.c(840,1): error C2059: 구문 오류: '=='
D:\GAMEDATA\Re제로부터 시작하는 노숙자 생활\Re제로부터 시작하는 노숙자 생활\game.c(844,17): error C2059: 구문 오류: 'break'
D:\GAMEDATA\Re제로부터 시작하는 노숙자 생활\Re제로부터 시작하는 노숙자 생활\game.c(846,13): error C2059: 구문 오류: 'case'
D:\GAMEDATA\Re제로부터 시작하는 노숙자 생활\Re제로부터 시작하는 노숙자 생활\game.c(848,24): error C2143: 구문 오류: ')'이(가) '문자열' 앞에 없습니다.
D:\GAMEDATA\Re제로부터 시작하는 노숙자 생활\Re제로부터 시작하는 노숙자 생활\game.c(848,24): error C2143: 구문 오류: '{'이(가) '문자열' 앞에 없습니다.
D:\GAMEDATA\Re제로부터 시작하는 노숙자 생활\Re제로부터 시작하는 노숙자 생활\game.c(848,24): error C1003: 오류 수가 100개를 초과했습니다. 컴파일을 중지합니다.
=======
﻿  game.c
D:\GameDATA\Re제로부터 시작하는 노숙자 생활\Re제로부터 시작하는 노숙자 생활\game.c(21,6): warning C4013: 'maingame'이(가) 정의되지 않았습니다. extern은 int형을 반환하는 것으로 간주합니다.
  Re제로부터 시작하는 노숙자 생활.vcxproj -> D:\GameDATA\Re제로부터 시작하는 노숙자 생활\x64\Debug\Re제로부터 시작하는 노숙자 생활.exe
>>>>>>> parent of 0db0fee (현질 추가)
